Build started 29/05/2011 13:18:43.
     1>Project "C:\Users\done\Desktop\twk\code\mxml-2.6\vcnet\testmxml.vcxproj" on node 2 (build target(s)).
     1>InitializeBuildStatus:
         Creating "Debug\testmxml.unsuccessfulbuild" because "AlwaysCreate" was specified.
       ClCompile:
         C:\Program Files (x86)\Microsoft Visual Studio 10.0\VC\bin\CL.exe /c /I../vcnet /I.. /ZI /nologo /W3 /WX- /Od /Oy- /D WIN32 /D _DEBUG /D _CONSOLE /D _VC80_UPGRADE=0x0710 /D _MBCS /Gm /EHsc /RTC1 /MDd /GS /fp:precise /Zc:wchar_t /Zc:forScope /Fo"Debug\\" /Fd"Debug\vc100.pdb" /Gd /TC /analyze- /errorReport:prompt ..\testmxml.c
         testmxml.c
       ManifestResourceCompile:
         C:\Program Files (x86)\Microsoft SDKs\Windows\v7.0A\bin\rc.exe /nologo /fo"Debug\testmxml.exe.embed.manifest.res" Debug\testmxml_manifest.rc 
     1>C:\Program Files (x86)\MSBuild\Microsoft.Cpp\v4.0\Microsoft.CppBuild.targets(990,5): warning MSB8012: TargetPath(C:\Users\done\Desktop\twk\code\mxml-2.6\vcnet\Debug\testmxml.exe) does not match the Linker's OutputFile property value (C:\Users\done\Desktop\twk\code\mxml-2.6\testmxml.exe). This may cause your project to build incorrectly. To correct this, please make sure that $(OutDir), $(TargetName) and $(TargetExt) property values match the value specified in %(Link.OutputFile).
       Link:
         C:\Program Files (x86)\Microsoft Visual Studio 10.0\VC\bin\link.exe /ERRORREPORT:PROMPT /OUT:"../testmxml.exe" /INCREMENTAL /NOLOGO kernel32.lib user32.lib gdi32.lib winspool.lib comdlg32.lib advapi32.lib shell32.lib ole32.lib oleaut32.lib uuid.lib odbc32.lib odbccp32.lib /NODEFAULTLIB:oldnames.lib /MANIFEST /ManifestFile:"Debug\testmxml.exe.intermediate.manifest" /MANIFESTUAC:"level='asInvoker' uiAccess='false'" /DEBUG /PDB:"Debug\testmxml.pdb" /SUBSYSTEM:CONSOLE /TLBID:1 /DYNAMICBASE:NO /IMPLIB:"Debug\testmxml.lib" /MACHINE:X86 Debug\testmxml.exe.embed.manifest.res
         Debug\testmxml.obj
         "C:\Users\done\Desktop\twk\code\mxml-2.6\vcnet\mxml1.lib"
     1>LINK : fatal error LNK1104: cannot open file 'C:\Users\done\Desktop\twk\code\mxml-2.6\vcnet\mxml1.lib'
     1>Done Building Project "C:\Users\done\Desktop\twk\code\mxml-2.6\vcnet\testmxml.vcxproj" (build target(s)) -- FAILED.

Build FAILED.

Time Elapsed 00:00:00.98
